# JRE version: Java(TM) SE Runtime Environment (17.0.12+8) (build 17.0.12+8-LTS-286)
# Java VM: Java HotSpot(TM) 64-Bit Server VM (17.0.12+8-LTS-286, mixed mode, sharing, tiered, compressed oops, compressed class ptrs, serial gc, windows-amd64)
GC Precious Log:
 CPUs: 12 total, 12 available
 Memory: 65406M
 Large Page Support: Disabled
 NUMA Support: Disabled
 Compressed Oops: Enabled (32-bit)
 Heap Min Capacity: 8M
 Heap Initial Capacity: 512M
 Heap Max Capacity: 512M
 Pre-touch: Disabled
Heap:
 def new generation   total 157248K, used 157247K [0x00000000e0000000, 0x00000000eaaa0000, 0x00000000eaaa0000)
  eden space 139776K, 100% used [0x00000000e0000000, 0x00000000e8880000, 0x00000000e8880000)
  from space 17472K,  99% used [0x00000000e9990000, 0x00000000eaa9fff8, 0x00000000eaaa0000)
  to   space 17472K,   0% used [0x00000000e8880000, 0x00000000e8880000, 0x00000000e9990000)
 tenured generation   total 349568K, used 349565K [0x00000000eaaa0000, 0x0000000100000000, 0x0000000100000000)
   the space 349568K,  99% used [0x00000000eaaa0000, 0x00000000fffff780, 0x00000000fffff800, 0x0000000100000000)
 Metaspace       used 170738K, committed 173056K, reserved 409600K
  class space    used 23125K, committed 24128K, reserved 212992K
GC Heap History (20 events):
Event: 252.683 GC heap after
{Heap after GC invocations=198 (full 156):
 def new generation   total 157248K, used 17471K [0x00000000e0000000, 0x00000000eaaa0000, 0x00000000eaaa0000)
  eden space 139776K,   0% used [0x00000000e0000000, 0x00000000e0000000, 0x00000000e8880000)
  from space 17472K,  99% used [0x00000000e9990000, 0x00000000eaa9fff8, 0x00000000eaaa0000)
  to   space 17472K,   0% used [0x00000000e8880000, 0x00000000e8880000, 0x00000000e9990000)
 tenured generation   total 349568K, used 283779K [0x00000000eaaa0000, 0x0000000100000000, 0x0000000100000000)
   the space 349568K,  81% used [0x00000000eaaa0000, 0x00000000fbfc0cb0, 0x00000000fbfc0e00, 0x0000000100000000)
 Metaspace       used 168190K, committed 170368K, reserved 409600K
  class space    used 22841K, committed 23808K, reserved 212992K
}
Event: 253.239 GC heap before
{Heap before GC invocations=198 (full 156):
 def new generation   total 157248K, used 157247K [0x00000000e0000000, 0x00000000eaaa0000, 0x00000000eaaa0000)
  eden space 139776K, 100% used [0x00000000e0000000, 0x00000000e8880000, 0x00000000e8880000)
  from space 17472K,  99% used [0x00000000e9990000, 0x00000000eaa9fff8, 0x00000000eaaa0000)
  to   space 17472K,   0% used [0x00000000e8880000, 0x00000000e8880000, 0x00000000e9990000)
 tenured generation   total 349568K, used 283779K [0x00000000eaaa0000, 0x0000000100000000, 0x0000000100000000)
   the space 349568K,  81% used [0x00000000eaaa0000, 0x00000000fbfc0cb0, 0x00000000fbfc0e00, 0x0000000100000000)
 Metaspace       used 168484K, committed 170688K, reserved 409600K
  class space    used 22853K, committed 23808K, reserved 212992K
}
Event: 253.338 GC heap after
{Heap after GC invocations=199 (full 156):
 def new generation   total 157248K, used 17471K [0x00000000e0000000, 0x00000000eaaa0000, 0x00000000eaaa0000)
  eden space 139776K,   0% used [0x00000000e0000000, 0x00000000e0000000, 0x00000000e8880000)
  from space 17472K,  99% used [0x00000000e8880000, 0x00000000e998fff8, 0x00000000e9990000)
  to   space 17472K,   0% used [0x00000000e9990000, 0x00000000e9990000, 0x00000000eaaa0000)
 tenured generation   total 349568K, used 309999K [0x00000000eaaa0000, 0x0000000100000000, 0x0000000100000000)
   the space 349568K,  88% used [0x00000000eaaa0000, 0x00000000fd95bfb8, 0x00000000fd95c000, 0x0000000100000000)
 Metaspace       used 168484K, committed 170688K, reserved 409600K
  class space    used 22853K, committed 23808K, reserved 212992K
}
Event: 254.297 GC heap before
{Heap before GC invocations=199 (full 156):
 def new generation   total 157248K, used 157247K [0x00000000e0000000, 0x00000000eaaa0000, 0x00000000eaaa0000)
  eden space 139776K, 100% used [0x00000000e0000000, 0x00000000e8880000, 0x00000000e8880000)
  from space 17472K,  99% used [0x00000000e8880000, 0x00000000e998fff8, 0x00000000e9990000)
  to   space 17472K,   0% used [0x00000000e9990000, 0x00000000e9990000, 0x00000000eaaa0000)
 tenured generation   total 349568K, used 309999K [0x00000000eaaa0000, 0x0000000100000000, 0x0000000100000000)
   the space 349568K,  88% used [0x00000000eaaa0000, 0x00000000fd95bfb8, 0x00000000fd95c000, 0x0000000100000000)
 Metaspace       used 169128K, committed 171456K, reserved 409600K
  class space    used 22935K, committed 23936K, reserved 212992K
}
Event: 254.421 GC heap after
{Heap after GC invocations=200 (full 156):
 def new generation   total 157248K, used 12648K [0x00000000e0000000, 0x00000000eaaa0000, 0x00000000eaaa0000)
  eden space 139776K,   0% used [0x00000000e0000000, 0x00000000e0000000, 0x00000000e8880000)
  from space 17472K,  72% used [0x00000000e9990000, 0x00000000ea5ea000, 0x00000000eaaa0000)
  to   space 17472K,   0% used [0x00000000e8880000, 0x00000000e8880000, 0x00000000e9990000)
 tenured generation   total 349568K, used 327059K [0x00000000eaaa0000, 0x0000000100000000, 0x0000000100000000)
   the space 349568K,  93% used [0x00000000eaaa0000, 0x00000000fea04c98, 0x00000000fea04e00, 0x0000000100000000)
 Metaspace       used 169128K, committed 171456K, reserved 409600K
  class space    used 22935K, committed 23936K, reserved 212992K
}
Event: 255.785 GC heap before
{Heap before GC invocations=200 (full 156):
 def new generation   total 157248K, used 152424K [0x00000000e0000000, 0x00000000eaaa0000, 0x00000000eaaa0000)
  eden space 139776K, 100% used [0x00000000e0000000, 0x00000000e8880000, 0x00000000e8880000)
  from space 17472K,  72% used [0x00000000e9990000, 0x00000000ea5ea000, 0x00000000eaaa0000)
  to   space 17472K,   0% used [0x00000000e8880000, 0x00000000e8880000, 0x00000000e9990000)
 tenured generation   total 349568K, used 327059K [0x00000000eaaa0000, 0x0000000100000000, 0x0000000100000000)
   the space 349568K,  93% used [0x00000000eaaa0000, 0x00000000fea04c98, 0x00000000fea04e00, 0x0000000100000000)
 Metaspace       used 169950K, committed 172352K, reserved 409600K
  class space    used 23017K, committed 24064K, reserved 212992K
}
Event: 255.785 GC heap after
{Heap after GC invocations=201 (full 156):
 def new generation   total 157248K, used 152424K [0x00000000e0000000, 0x00000000eaaa0000, 0x00000000eaaa0000)
  eden space 139776K, 100% used [0x00000000e0000000, 0x00000000e8880000, 0x00000000e8880000)
  from space 17472K,  72% used [0x00000000e9990000, 0x00000000ea5ea000, 0x00000000eaaa0000)
  to   space 17472K,   0% used [0x00000000e8880000, 0x00000000e8880000, 0x00000000e9990000)
 tenured generation   total 349568K, used 327059K [0x00000000eaaa0000, 0x0000000100000000, 0x0000000100000000)
   the space 349568K,  93% used [0x00000000eaaa0000, 0x00000000fea04c98, 0x00000000fea04e00, 0x0000000100000000)
 Metaspace       used 169950K, committed 172352K, reserved 409600K
  class space    used 23017K, committed 24064K, reserved 212992K
}
Event: 255.785 GC heap before
{Heap before GC invocations=201 (full 156):
 def new generation   total 157248K, used 152424K [0x00000000e0000000, 0x00000000eaaa0000, 0x00000000eaaa0000)
  eden space 139776K, 100% used [0x00000000e0000000, 0x00000000e8880000, 0x00000000e8880000)
  from space 17472K,  72% used [0x00000000e9990000, 0x00000000ea5ea000, 0x00000000eaaa0000)
  to   space 17472K,   0% used [0x00000000e8880000, 0x00000000e8880000, 0x00000000e9990000)
 tenured generation   total 349568K, used 327059K [0x00000000eaaa0000, 0x0000000100000000, 0x0000000100000000)
   the space 349568K,  93% used [0x00000000eaaa0000, 0x00000000fea04c98, 0x00000000fea04e00, 0x0000000100000000)
 Metaspace       used 169950K, committed 172352K, reserved 409600K
  class space    used 23017K, committed 24064K, reserved 212992K
}
Event: 256.644 GC heap after
{Heap after GC invocations=201 (full 157):
 def new generation   total 157248K, used 0K [0x00000000e0000000, 0x00000000eaaa0000, 0x00000000eaaa0000)
  eden space 139776K,   0% used [0x00000000e0000000, 0x00000000e0000000, 0x00000000e8880000)
  from space 17472K,   0% used [0x00000000e9990000, 0x00000000e9990000, 0x00000000eaaa0000)
  to   space 17472K,   0% used [0x00000000e8880000, 0x00000000e8880000, 0x00000000e9990000)
 tenured generation   total 349568K, used 284482K [0x00000000eaaa0000, 0x0000000100000000, 0x0000000100000000)
   the space 349568K,  81% used [0x00000000eaaa0000, 0x00000000fc070880, 0x00000000fc070a00, 0x0000000100000000)
 Metaspace       used 169605K, committed 172160K, reserved 409600K
  class space    used 22986K, committed 24064K, reserved 212992K
}
Event: 256.998 GC heap before
{Heap before GC invocations=201 (full 157):
 def new generation   total 157248K, used 139776K [0x00000000e0000000, 0x00000000eaaa0000, 0x00000000eaaa0000)
  eden space 139776K, 100% used [0x00000000e0000000, 0x00000000e8880000, 0x00000000e8880000)
  from space 17472K,   0% used [0x00000000e9990000, 0x00000000e9990000, 0x00000000eaaa0000)
  to   space 17472K,   0% used [0x00000000e8880000, 0x00000000e8880000, 0x00000000e9990000)
 tenured generation   total 349568K, used 284482K [0x00000000eaaa0000, 0x0000000100000000, 0x0000000100000000)
   the space 349568K,  81% used [0x00000000eaaa0000, 0x00000000fc070880, 0x00000000fc070a00, 0x0000000100000000)
 Metaspace       used 169681K, committed 172160K, reserved 409600K
  class space    used 22992K, committed 24064K, reserved 212992K
}
Event: 257.034 GC heap after
{Heap after GC invocations=202 (full 157):
 def new generation   total 157248K, used 6640K [0x00000000e0000000, 0x00000000eaaa0000, 0x00000000eaaa0000)
  eden space 139776K,   0% used [0x00000000e0000000, 0x00000000e0000000, 0x00000000e8880000)
  from space 17472K,  38% used [0x00000000e8880000, 0x00000000e8efc298, 0x00000000e9990000)
  to   space 17472K,   0% used [0x00000000e9990000, 0x00000000e9990000, 0x00000000eaaa0000)
 tenured generation   total 349568K, used 284482K [0x00000000eaaa0000, 0x0000000100000000, 0x0000000100000000)
   the space 349568K,  81% used [0x00000000eaaa0000, 0x00000000fc070880, 0x00000000fc070a00, 0x0000000100000000)
 Metaspace       used 169681K, committed 172160K, reserved 409600K
  class space    used 22992K, committed 24064K, reserved 212992K
}
Event: 257.211 GC heap before
{Heap before GC invocations=202 (full 157):
 def new generation   total 157248K, used 146364K [0x00000000e0000000, 0x00000000eaaa0000, 0x00000000eaaa0000)
  eden space 139776K,  99% used [0x00000000e0000000, 0x00000000e8872ee0, 0x00000000e8880000)
  from space 17472K,  38% used [0x00000000e8880000, 0x00000000e8efc298, 0x00000000e9990000)
  to   space 17472K,   0% used [0x00000000e9990000, 0x00000000e9990000, 0x00000000eaaa0000)
 tenured generation   total 349568K, used 284482K [0x00000000eaaa0000, 0x0000000100000000, 0x0000000100000000)
   the space 349568K,  81% used [0x00000000eaaa0000, 0x00000000fc070880, 0x00000000fc070a00, 0x0000000100000000)
 Metaspace       used 170555K, committed 172928K, reserved 409600K
  class space    used 23113K, committed 24128K, reserved 212992K
}
Event: 257.267 GC heap after
{Heap after GC invocations=203 (full 157):
 def new generation   total 157248K, used 17472K [0x00000000e0000000, 0x00000000eaaa0000, 0x00000000eaaa0000)
  eden space 139776K,   0% used [0x00000000e0000000, 0x00000000e0000000, 0x00000000e8880000)
  from space 17472K, 100% used [0x00000000e9990000, 0x00000000eaaa0000, 0x00000000eaaa0000)
  to   space 17472K,   0% used [0x00000000e8880000, 0x00000000e8880000, 0x00000000e9990000)
 tenured generation   total 349568K, used 327175K [0x00000000eaaa0000, 0x0000000100000000, 0x0000000100000000)
   the space 349568K,  93% used [0x00000000eaaa0000, 0x00000000fea21d98, 0x00000000fea21e00, 0x0000000100000000)
 Metaspace       used 170555K, committed 172928K, reserved 409600K
  class space    used 23113K, committed 24128K, reserved 212992K
}
Event: 257.384 GC heap before
{Heap before GC invocations=203 (full 157):
 def new generation   total 157248K, used 157248K [0x00000000e0000000, 0x00000000eaaa0000, 0x00000000eaaa0000)
  eden space 139776K, 100% used [0x00000000e0000000, 0x00000000e8880000, 0x00000000e8880000)
  from space 17472K, 100% used [0x00000000e9990000, 0x00000000eaaa0000, 0x00000000eaaa0000)
  to   space 17472K,   0% used [0x00000000e8880000, 0x00000000e8880000, 0x00000000e9990000)
 tenured generation   total 349568K, used 327175K [0x00000000eaaa0000, 0x0000000100000000, 0x0000000100000000)
   the space 349568K,  93% used [0x00000000eaaa0000, 0x00000000fea21d98, 0x00000000fea21e00, 0x0000000100000000)
 Metaspace       used 170702K, committed 173056K, reserved 409600K
  class space    used 23123K, committed 24128K, reserved 212992K
}
Event: 257.384 GC heap after
{Heap after GC invocations=204 (full 157):
 def new generation   total 157248K, used 157248K [0x00000000e0000000, 0x00000000eaaa0000, 0x00000000eaaa0000)
  eden space 139776K, 100% used [0x00000000e0000000, 0x00000000e8880000, 0x00000000e8880000)
  from space 17472K, 100% used [0x00000000e9990000, 0x00000000eaaa0000, 0x00000000eaaa0000)
  to   space 17472K,   0% used [0x00000000e8880000, 0x00000000e8880000, 0x00000000e9990000)
 tenured generation   total 349568K, used 327175K [0x00000000eaaa0000, 0x0000000100000000, 0x0000000100000000)
   the space 349568K,  93% used [0x00000000eaaa0000, 0x00000000fea21d98, 0x00000000fea21e00, 0x0000000100000000)
 Metaspace       used 170702K, committed 173056K, reserved 409600K
  class space    used 23123K, committed 24128K, reserved 212992K
}
Event: 257.384 GC heap before
{Heap before GC invocations=204 (full 157):
 def new generation   total 157248K, used 157248K [0x00000000e0000000, 0x00000000eaaa0000, 0x00000000eaaa0000)
  eden space 139776K, 100% used [0x00000000e0000000, 0x00000000e8880000, 0x00000000e8880000)
  from space 17472K, 100% used [0x00000000e9990000, 0x00000000eaaa0000, 0x00000000eaaa0000)
  to   space 17472K,   0% used [0x00000000e8880000, 0x00000000e8880000, 0x00000000e9990000)
 tenured generation   total 349568K, used 327175K [0x00000000eaaa0000, 0x0000000100000000, 0x0000000100000000)
   the space 349568K,  93% used [0x00000000eaaa0000, 0x00000000fea21d98, 0x00000000fea21e00, 0x0000000100000000)
 Metaspace       used 170702K, committed 173056K, reserved 409600K
  class space    used 23123K, committed 24128K, reserved 212992K
}
Event: 258.323 GC heap after
{Heap after GC invocations=204 (full 158):
 def new generation   total 157248K, used 14678K [0x00000000e0000000, 0x00000000eaaa0000, 0x00000000eaaa0000)
  eden space 139776K,  10% used [0x00000000e0000000, 0x00000000e0e55af8, 0x00000000e8880000)
  from space 17472K,   0% used [0x00000000e9990000, 0x00000000e9990000, 0x00000000eaaa0000)
  to   space 17472K,   0% used [0x00000000e8880000, 0x00000000e8880000, 0x00000000e9990000)
 tenured generation   total 349568K, used 348368K [0x00000000eaaa0000, 0x0000000100000000, 0x0000000100000000)
   the space 349568K,  99% used [0x00000000eaaa0000, 0x00000000ffed4218, 0x00000000ffed4400, 0x0000000100000000)
 Metaspace       used 170702K, committed 173056K, reserved 409600K
  class space    used 23123K, committed 24128K, reserved 212992K
}
Event: 258.757 GC heap before
{Heap before GC invocations=204 (full 158):
 def new generation   total 157248K, used 157248K [0x00000000e0000000, 0x00000000eaaa0000, 0x00000000eaaa0000)
  eden space 139776K, 100% used [0x00000000e0000000, 0x00000000e8880000, 0x00000000e8880000)
  from space 17472K, 100% used [0x00000000e9990000, 0x00000000eaaa0000, 0x00000000eaaa0000)
  to   space 17472K,   0% used [0x00000000e8880000, 0x00000000e8880000, 0x00000000e9990000)
 tenured generation   total 349568K, used 349565K [0x00000000eaaa0000, 0x0000000100000000, 0x0000000100000000)
   the space 349568K,  99% used [0x00000000eaaa0000, 0x00000000fffff688, 0x00000000fffff800, 0x0000000100000000)
 Metaspace       used 170731K, committed 173056K, reserved 409600K
  class space    used 23125K, committed 24128K, reserved 212992K
}
Event: 259.710 GC heap after
{Heap after GC invocations=205 (full 159):
 def new generation   total 157248K, used 47254K [0x00000000e0000000, 0x00000000eaaa0000, 0x00000000eaaa0000)
  eden space 139776K,  33% used [0x00000000e0000000, 0x00000000e2e25898, 0x00000000e8880000)
  from space 17472K,   0% used [0x00000000e9990000, 0x00000000e9990000, 0x00000000eaaa0000)
  to   space 17472K,   0% used [0x00000000e8880000, 0x00000000e8880000, 0x00000000e9990000)
 tenured generation   total 349568K, used 348952K [0x00000000eaaa0000, 0x0000000100000000, 0x0000000100000000)
   the space 349568K,  99% used [0x00000000eaaa0000, 0x00000000fff66310, 0x00000000fff66400, 0x0000000100000000)
 Metaspace       used 170731K, committed 173056K, reserved 409600K
  class space    used 23125K, committed 24128K, reserved 212992K
}
Event: 259.889 GC heap before
{Heap before GC invocations=205 (full 159):
 def new generation   total 157248K, used 157247K [0x00000000e0000000, 0x00000000eaaa0000, 0x00000000eaaa0000)
  eden space 139776K, 100% used [0x00000000e0000000, 0x00000000e8880000, 0x00000000e8880000)
  from space 17472K,  99% used [0x00000000e9990000, 0x00000000eaa9fff8, 0x00000000eaaa0000)
  to   space 17472K,   0% used [0x00000000e8880000, 0x00000000e8880000, 0x00000000e9990000)
 tenured generation   total 349568K, used 349565K [0x00000000eaaa0000, 0x0000000100000000, 0x0000000100000000)
   the space 349568K,  99% used [0x00000000eaaa0000, 0x00000000fffff780, 0x00000000fffff800, 0x0000000100000000)
 Metaspace       used 170738K, committed 173056K, reserved 409600K
  class space    used 23125K, committed 24128K, reserved 212992K
}

